<?xml version="1.0" encoding="UTF-8"?>
<coverage generated="1748662217978" clover="3.2.0">
  <project timestamp="1748662217978" name="All files">
    <metrics statements="51" coveredstatements="44" conditionals="18" coveredconditionals="13" methods="15" coveredmethods="15" elements="84" coveredelements="72" complexity="0" loc="51" ncloc="51" packages="2" files="2" classes="2"/>
    <package name="app.components">
      <metrics statements="29" coveredstatements="22" conditionals="12" coveredconditionals="8" methods="9" coveredmethods="9"/>
      <file name="PersonCrud.tsx" path="D:\Documentos1\UNA SISTEMAS\2025\I CICLO 2025\Moviles\ReactNative\CrudReactNative\app\components\PersonCrud.tsx">
        <metrics statements="29" coveredstatements="22" conditionals="12" coveredconditionals="8" methods="9" coveredmethods="9"/>
        <line num="30" count="2" type="cond" truecount="1" falsecount="1"/>
        <line num="31" count="0" type="stmt"/>
        <line num="33" count="2" type="stmt"/>
        <line num="48" count="8" type="stmt"/>
        <line num="54" count="1" type="cond" truecount="3" falsecount="1"/>
        <line num="56" count="0" type="stmt"/>
        <line num="60" count="0" type="stmt"/>
        <line num="64" count="1" type="stmt"/>
        <line num="65" count="1" type="stmt"/>
        <line num="66" count="1" type="stmt"/>
        <line num="68" count="1" type="cond" truecount="1" falsecount="1"/>
        <line num="70" count="0" type="stmt"/>
        <line num="71" count="0" type="stmt"/>
        <line num="73" count="1" type="stmt"/>
        <line num="79" count="1" type="stmt"/>
        <line num="87" count="1" type="stmt"/>
        <line num="88" count="1" type="stmt"/>
        <line num="89" count="1" type="stmt"/>
        <line num="90" count="1" type="stmt"/>
        <line num="92" count="0" type="stmt"/>
        <line num="93" count="0" type="stmt"/>
        <line num="95" count="1" type="stmt"/>
        <line num="104" count="8" type="stmt"/>
        <line num="105" count="6" type="stmt"/>
        <line num="112" count="1" type="stmt"/>
        <line num="119" count="1" type="stmt"/>
        <line num="128" count="8" type="stmt"/>
        <line num="162" count="9" type="stmt"/>
        <line num="171" count="1" type="stmt"/>
      </file>
    </package>
    <package name="hooks">
      <metrics statements="22" coveredstatements="22" conditionals="6" coveredconditionals="5" methods="6" coveredmethods="6"/>
      <file name="usePersonCrud.ts" path="D:\Documentos1\UNA SISTEMAS\2025\I CICLO 2025\Moviles\ReactNative\CrudReactNative\hooks\usePersonCrud.ts">
        <metrics statements="22" coveredstatements="22" conditionals="6" coveredconditionals="5" methods="6" coveredmethods="6"/>
        <line num="14" count="14" type="stmt"/>
        <line num="15" count="14" type="stmt"/>
        <line num="16" count="14" type="stmt"/>
        <line num="17" count="14" type="stmt"/>
        <line num="20" count="14" type="stmt"/>
        <line num="21" count="4" type="stmt"/>
        <line num="26" count="7" type="stmt"/>
        <line num="27" count="7" type="stmt"/>
        <line num="32" count="2" type="cond" truecount="3" falsecount="1"/>
        <line num="33" count="2" type="cond" truecount="2" falsecount="0"/>
        <line num="34" count="1" type="stmt"/>
        <line num="35" count="1" type="stmt"/>
        <line num="37" count="1" type="stmt"/>
        <line num="39" count="2" type="stmt"/>
        <line num="40" count="2" type="stmt"/>
        <line num="41" count="2" type="stmt"/>
        <line num="45" count="1" type="stmt"/>
        <line num="46" count="1" type="stmt"/>
        <line num="47" count="1" type="stmt"/>
        <line num="51" count="1" type="stmt"/>
        <line num="52" count="1" type="stmt"/>
        <line num="56" count="14" type="stmt"/>
      </file>
    </package>
  </project>
</coverage>
