{"D:\\Documentos1\\UNA SISTEMAS\\2025\\I CICLO 2025\\Moviles\\ReactNative\\CrudReactNative\\app\\components\\PersonCrud.tsx": {"path":"D:\\Documentos1\\UNA SISTEMAS\\2025\\I CICLO 2025\\Moviles\\ReactNative\\CrudReactNative\\app\\components\\PersonCrud.tsx","statementMap":{"0":{"start":{"line":30,"column":2},"end":{"line":36,"column":3}},"1":{"start":{"line":31,"column":4},"end":{"line":31,"column":51}},"2":{"start":{"line":32,"column":9},"end":{"line":36,"column":3}},"3":{"start":{"line":33,"column":4},"end":{"line":33,"column":26}},"4":{"start":{"line":35,"column":4},"end":{"line":35,"column":29}},"5":{"start":{"line":50,"column":32},"end":{"line":50,"column":47}},"6":{"start":{"line":55,"column":4},"end":{"line":58,"column":5}},"7":{"start":{"line":56,"column":6},"end":{"line":56,"column":73}},"8":{"start":{"line":57,"column":6},"end":{"line":57,"column":13}},"9":{"start":{"line":60,"column":4},"end":{"line":60,"column":21}},"10":{"start":{"line":61,"column":4},"end":{"line":69,"column":5}},"11":{"start":{"line":62,"column":6},"end":{"line":62,"column":21}},"12":{"start":{"line":63,"column":6},"end":{"line":63,"column":82}},"13":{"start":{"line":65,"column":6},"end":{"line":65,"column":23}},"14":{"start":{"line":66,"column":6},"end":{"line":66,"column":38}},"15":{"start":{"line":68,"column":6},"end":{"line":68,"column":24}},"16":{"start":{"line":74,"column":4},"end":{"line":74,"column":21}},"17":{"start":{"line":75,"column":4},"end":{"line":83,"column":5}},"18":{"start":{"line":76,"column":6},"end":{"line":76,"column":25}},"19":{"start":{"line":77,"column":6},"end":{"line":77,"column":45}},"20":{"start":{"line":79,"column":6},"end":{"line":79,"column":23}},"21":{"start":{"line":80,"column":6},"end":{"line":80,"column":39}},"22":{"start":{"line":82,"column":6},"end":{"line":82,"column":24}},"23":{"start":{"line":87,"column":4},"end":{"line":102,"column":5}},"24":{"start":{"line":89,"column":6},"end":{"line":91,"column":7}},"25":{"start":{"line":90,"column":8},"end":{"line":90,"column":25}},"26":{"start":{"line":94,"column":6},"end":{"line":101,"column":8}},"27":{"start":{"line":99,"column":39},"end":{"line":99,"column":55}},"28":{"start":{"line":106,"column":21},"end":{"line":128,"column":3}},"29":{"start":{"line":107,"column":4},"end":{"line":127,"column":11}},"30":{"start":{"line":114,"column":25},"end":{"line":114,"column":37}},"31":{"start":{"line":121,"column":25},"end":{"line":121,"column":47}},"32":{"start":{"line":130,"column":2},"end":{"line":169,"column":4}},"33":{"start":{"line":164,"column":27},"end":{"line":164,"column":31}},"34":{"start":{"line":173,"column":15},"end":{"line":238,"column":2}}},"fnMap":{"0":{"name":"showMessage","decl":{"start":{"line":29,"column":9},"end":{"line":29,"column":20}},"loc":{"start":{"line":29,"column":38},"end":{"line":37,"column":1}},"line":29},"1":{"name":"PersonCrud","decl":{"start":{"line":39,"column":16},"end":{"line":39,"column":26}},"loc":{"start":{"line":49,"column":10},"end":{"line":170,"column":1}},"line":49},"2":{"name":"handleSave","decl":{"start":{"line":54,"column":17},"end":{"line":54,"column":27}},"loc":{"start":{"line":54,"column":30},"end":{"line":70,"column":3}},"line":54},"3":{"name":"handleDelete","decl":{"start":{"line":73,"column":17},"end":{"line":73,"column":29}},"loc":{"start":{"line":73,"column":42},"end":{"line":84,"column":3}},"line":73},"4":{"name":"confirmDelete","decl":{"start":{"line":86,"column":11},"end":{"line":86,"column":24}},"loc":{"start":{"line":86,"column":37},"end":{"line":103,"column":3}},"line":86},"5":{"name":"(anonymous_5)","decl":{"start":{"line":99,"column":33},"end":{"line":99,"column":34}},"loc":{"start":{"line":99,"column":39},"end":{"line":99,"column":55}},"line":99},"6":{"name":"(anonymous_6)","decl":{"start":{"line":106,"column":21},"end":{"line":106,"column":22}},"loc":{"start":{"line":107,"column":4},"end":{"line":127,"column":11}},"line":107},"7":{"name":"(anonymous_7)","decl":{"start":{"line":114,"column":19},"end":{"line":114,"column":20}},"loc":{"start":{"line":114,"column":25},"end":{"line":114,"column":37}},"line":114},"8":{"name":"(anonymous_8)","decl":{"start":{"line":121,"column":19},"end":{"line":121,"column":20}},"loc":{"start":{"line":121,"column":25},"end":{"line":121,"column":47}},"line":121},"9":{"name":"(anonymous_9)","decl":{"start":{"line":164,"column":22},"end":{"line":164,"column":23}},"loc":{"start":{"line":164,"column":27},"end":{"line":164,"column":31}},"line":164}},"branchMap":{"0":{"loc":{"start":{"line":30,"column":2},"end":{"line":36,"column":3}},"type":"if","locations":[{"start":{"line":30,"column":2},"end":{"line":36,"column":3}},{"start":{"line":32,"column":9},"end":{"line":36,"column":3}}],"line":30},"1":{"loc":{"start":{"line":32,"column":9},"end":{"line":36,"column":3}},"type":"if","locations":[{"start":{"line":32,"column":9},"end":{"line":36,"column":3}},{"start":{"line":34,"column":9},"end":{"line":36,"column":3}}],"line":32},"2":{"loc":{"start":{"line":55,"column":4},"end":{"line":58,"column":5}},"type":"if","locations":[{"start":{"line":55,"column":4},"end":{"line":58,"column":5}},{"start":{},"end":{}}],"line":55},"3":{"loc":{"start":{"line":55,"column":8},"end":{"line":55,"column":40}},"type":"binary-expr","locations":[{"start":{"line":55,"column":8},"end":{"line":55,"column":20}},{"start":{"line":55,"column":24},"end":{"line":55,"column":40}}],"line":55},"4":{"loc":{"start":{"line":63,"column":18},"end":{"line":63,"column":80}},"type":"cond-expr","locations":[{"start":{"line":63,"column":28},"end":{"line":63,"column":55}},{"start":{"line":63,"column":58},"end":{"line":63,"column":80}}],"line":63},"5":{"loc":{"start":{"line":87,"column":4},"end":{"line":102,"column":5}},"type":"if","locations":[{"start":{"line":87,"column":4},"end":{"line":102,"column":5}},{"start":{"line":92,"column":11},"end":{"line":102,"column":5}}],"line":87},"6":{"loc":{"start":{"line":89,"column":6},"end":{"line":91,"column":7}},"type":"if","locations":[{"start":{"line":89,"column":6},"end":{"line":91,"column":7}},{"start":{},"end":{}}],"line":89},"7":{"loc":{"start":{"line":153,"column":32},"end":{"line":153,"column":61}},"type":"binary-expr","locations":[{"start":{"line":153,"column":32},"end":{"line":153,"column":39}},{"start":{"line":153,"column":43},"end":{"line":153,"column":61}}],"line":153},"8":{"loc":{"start":{"line":158,"column":11},"end":{"line":158,"column":43}},"type":"cond-expr","locations":[{"start":{"line":158,"column":21},"end":{"line":158,"column":33}},{"start":{"line":158,"column":36},"end":{"line":158,"column":43}}],"line":158}},"s":{"0":2,"1":0,"2":2,"3":0,"4":2,"5":8,"6":1,"7":0,"8":0,"9":1,"10":1,"11":1,"12":1,"13":0,"14":0,"15":1,"16":1,"17":1,"18":1,"19":1,"20":0,"21":0,"22":1,"23":1,"24":0,"25":0,"26":1,"27":1,"28":8,"29":6,"30":1,"31":1,"32":8,"33":9,"34":1},"f":{"0":2,"1":8,"2":1,"3":1,"4":1,"5":1,"6":6,"7":1,"8":1,"9":9},"b":{"0":[0,2],"1":[0,2],"2":[0,1],"3":[1,1],"4":[0,1],"5":[0,1],"6":[0,0],"7":[8,0],"8":[1,7]},"_coverageSchema":"1a1c01bbd47fc00a2c39e90264f33305004495a9","hash":"d8967eb0da7b36c5e7514b67d1548efc73c8224e"}
,"D:\\Documentos1\\UNA SISTEMAS\\2025\\I CICLO 2025\\Moviles\\ReactNative\\CrudReactNative\\hooks\\usePersonCrud.ts": {"path":"D:\\Documentos1\\UNA SISTEMAS\\2025\\I CICLO 2025\\Moviles\\ReactNative\\CrudReactNative\\hooks\\usePersonCrud.ts","statementMap":{"0":{"start":{"line":14,"column":26},"end":{"line":14,"column":48}},"1":{"start":{"line":15,"column":26},"end":{"line":15,"column":38}},"2":{"start":{"line":16,"column":34},"end":{"line":16,"column":46}},"3":{"start":{"line":17,"column":36},"end":{"line":17,"column":65}},"4":{"start":{"line":20,"column":2},"end":{"line":22,"column":9}},"5":{"start":{"line":21,"column":4},"end":{"line":21,"column":16}},"6":{"start":{"line":26,"column":20},"end":{"line":26,"column":38}},"7":{"start":{"line":27,"column":4},"end":{"line":27,"column":21}},"8":{"start":{"line":32,"column":4},"end":{"line":32,"column":49}},"9":{"start":{"line":32,"column":42},"end":{"line":32,"column":49}},"10":{"start":{"line":33,"column":4},"end":{"line":38,"column":5}},"11":{"start":{"line":34,"column":6},"end":{"line":34,"column":56}},"12":{"start":{"line":35,"column":6},"end":{"line":35,"column":25}},"13":{"start":{"line":37,"column":6},"end":{"line":37,"column":45}},"14":{"start":{"line":39,"column":4},"end":{"line":39,"column":16}},"15":{"start":{"line":40,"column":4},"end":{"line":40,"column":20}},"16":{"start":{"line":41,"column":4},"end":{"line":41,"column":16}},"17":{"start":{"line":45,"column":4},"end":{"line":45,"column":20}},"18":{"start":{"line":46,"column":4},"end":{"line":46,"column":28}},"19":{"start":{"line":47,"column":4},"end":{"line":47,"column":23}},"20":{"start":{"line":51,"column":4},"end":{"line":51,"column":27}},"21":{"start":{"line":52,"column":4},"end":{"line":52,"column":16}},"22":{"start":{"line":56,"column":2},"end":{"line":66,"column":4}}},"fnMap":{"0":{"name":"usePersonCrud","decl":{"start":{"line":12,"column":16},"end":{"line":12,"column":29}},"loc":{"start":{"line":12,"column":32},"end":{"line":67,"column":1}},"line":12},"1":{"name":"(anonymous_1)","decl":{"start":{"line":20,"column":12},"end":{"line":20,"column":13}},"loc":{"start":{"line":20,"column":18},"end":{"line":22,"column":3}},"line":20},"2":{"name":"fetchList","decl":{"start":{"line":25,"column":17},"end":{"line":25,"column":26}},"loc":{"start":{"line":25,"column":29},"end":{"line":28,"column":3}},"line":25},"3":{"name":"onSave","decl":{"start":{"line":31,"column":17},"end":{"line":31,"column":23}},"loc":{"start":{"line":31,"column":26},"end":{"line":42,"column":3}},"line":31},"4":{"name":"onEdit","decl":{"start":{"line":44,"column":11},"end":{"line":44,"column":17}},"loc":{"start":{"line":44,"column":29},"end":{"line":48,"column":3}},"line":44},"5":{"name":"onDelete","decl":{"start":{"line":50,"column":17},"end":{"line":50,"column":25}},"loc":{"start":{"line":50,"column":38},"end":{"line":53,"column":3}},"line":50}},"branchMap":{"0":{"loc":{"start":{"line":32,"column":4},"end":{"line":32,"column":49}},"type":"if","locations":[{"start":{"line":32,"column":4},"end":{"line":32,"column":49}},{"start":{},"end":{}}],"line":32},"1":{"loc":{"start":{"line":32,"column":8},"end":{"line":32,"column":40}},"type":"binary-expr","locations":[{"start":{"line":32,"column":8},"end":{"line":32,"column":20}},{"start":{"line":32,"column":24},"end":{"line":32,"column":40}}],"line":32},"2":{"loc":{"start":{"line":33,"column":4},"end":{"line":38,"column":5}},"type":"if","locations":[{"start":{"line":33,"column":4},"end":{"line":38,"column":5}},{"start":{"line":36,"column":11},"end":{"line":38,"column":5}}],"line":33}},"s":{"0":14,"1":14,"2":14,"3":14,"4":14,"5":4,"6":7,"7":7,"8":2,"9":0,"10":2,"11":1,"12":1,"13":1,"14":2,"15":2,"16":2,"17":1,"18":1,"19":1,"20":1,"21":1,"22":14},"f":{"0":14,"1":4,"2":7,"3":2,"4":1,"5":1},"b":{"0":[0,2],"1":[2,2],"2":[1,1]},"_coverageSchema":"1a1c01bbd47fc00a2c39e90264f33305004495a9","hash":"44c5c53f689ff96fb490e054e87267d5d1a1a297"}
}
