{"D:\\Documentos1\\UNA SISTEMAS\\2025\\I CICLO 2025\\Moviles\\ReactNative\\CrudReactNative\\app\\components\\PersonCrud.tsx": {"path":"D:\\Documentos1\\UNA SISTEMAS\\2025\\I CICLO 2025\\Moviles\\ReactNative\\CrudReactNative\\app\\components\\PersonCrud.tsx","statementMap":{"0":{"start":{"line":30,"column":2},"end":{"line":34,"column":3}},"1":{"start":{"line":31,"column":4},"end":{"line":31,"column":51}},"2":{"start":{"line":33,"column":4},"end":{"line":33,"column":29}},"3":{"start":{"line":48,"column":32},"end":{"line":48,"column":47}},"4":{"start":{"line":54,"column":4},"end":{"line":61,"column":5}},"5":{"start":{"line":56,"column":6},"end":{"line":59,"column":8}},"6":{"start":{"line":60,"column":6},"end":{"line":60,"column":13}},"7":{"start":{"line":64,"column":4},"end":{"line":64,"column":21}},"8":{"start":{"line":65,"column":4},"end":{"line":74,"column":5}},"9":{"start":{"line":66,"column":6},"end":{"line":66,"column":21}},"10":{"start":{"line":68,"column":6},"end":{"line":68,"column":82}},"11":{"start":{"line":70,"column":6},"end":{"line":70,"column":23}},"12":{"start":{"line":71,"column":6},"end":{"line":71,"column":38}},"13":{"start":{"line":73,"column":6},"end":{"line":73,"column":24}},"14":{"start":{"line":79,"column":4},"end":{"line":100,"column":6}},"15":{"start":{"line":87,"column":12},"end":{"line":87,"column":29}},"16":{"start":{"line":88,"column":12},"end":{"line":96,"column":13}},"17":{"start":{"line":89,"column":14},"end":{"line":89,"column":33}},"18":{"start":{"line":90,"column":14},"end":{"line":90,"column":53}},"19":{"start":{"line":92,"column":14},"end":{"line":92,"column":31}},"20":{"start":{"line":93,"column":14},"end":{"line":93,"column":47}},"21":{"start":{"line":95,"column":14},"end":{"line":95,"column":32}},"22":{"start":{"line":104,"column":21},"end":{"line":126,"column":3}},"23":{"start":{"line":105,"column":4},"end":{"line":125,"column":11}},"24":{"start":{"line":112,"column":25},"end":{"line":112,"column":37}},"25":{"start":{"line":119,"column":25},"end":{"line":119,"column":47}},"26":{"start":{"line":128,"column":2},"end":{"line":167,"column":4}},"27":{"start":{"line":162,"column":27},"end":{"line":162,"column":31}},"28":{"start":{"line":171,"column":15},"end":{"line":236,"column":2}}},"fnMap":{"0":{"name":"showMessage","decl":{"start":{"line":29,"column":9},"end":{"line":29,"column":20}},"loc":{"start":{"line":29,"column":38},"end":{"line":35,"column":1}},"line":29},"1":{"name":"PersonCrud","decl":{"start":{"line":37,"column":16},"end":{"line":37,"column":26}},"loc":{"start":{"line":47,"column":10},"end":{"line":168,"column":1}},"line":47},"2":{"name":"handleSave","decl":{"start":{"line":52,"column":17},"end":{"line":52,"column":27}},"loc":{"start":{"line":52,"column":30},"end":{"line":75,"column":3}},"line":52},"3":{"name":"confirmDelete","decl":{"start":{"line":78,"column":11},"end":{"line":78,"column":24}},"loc":{"start":{"line":78,"column":37},"end":{"line":101,"column":3}},"line":78},"4":{"name":"(anonymous_4)","decl":{"start":{"line":86,"column":19},"end":{"line":86,"column":20}},"loc":{"start":{"line":86,"column":31},"end":{"line":97,"column":11}},"line":86},"5":{"name":"(anonymous_5)","decl":{"start":{"line":104,"column":21},"end":{"line":104,"column":22}},"loc":{"start":{"line":105,"column":4},"end":{"line":125,"column":11}},"line":105},"6":{"name":"(anonymous_6)","decl":{"start":{"line":112,"column":19},"end":{"line":112,"column":20}},"loc":{"start":{"line":112,"column":25},"end":{"line":112,"column":37}},"line":112},"7":{"name":"(anonymous_7)","decl":{"start":{"line":119,"column":19},"end":{"line":119,"column":20}},"loc":{"start":{"line":119,"column":25},"end":{"line":119,"column":47}},"line":119},"8":{"name":"(anonymous_8)","decl":{"start":{"line":162,"column":22},"end":{"line":162,"column":23}},"loc":{"start":{"line":162,"column":27},"end":{"line":162,"column":31}},"line":162}},"branchMap":{"0":{"loc":{"start":{"line":30,"column":2},"end":{"line":34,"column":3}},"type":"if","locations":[{"start":{"line":30,"column":2},"end":{"line":34,"column":3}},{"start":{"line":32,"column":9},"end":{"line":34,"column":3}}],"line":30},"1":{"loc":{"start":{"line":54,"column":4},"end":{"line":61,"column":5}},"type":"if","locations":[{"start":{"line":54,"column":4},"end":{"line":61,"column":5}},{"start":{},"end":{}}],"line":54},"2":{"loc":{"start":{"line":54,"column":8},"end":{"line":54,"column":40}},"type":"binary-expr","locations":[{"start":{"line":54,"column":8},"end":{"line":54,"column":20}},{"start":{"line":54,"column":24},"end":{"line":54,"column":40}}],"line":54},"3":{"loc":{"start":{"line":68,"column":18},"end":{"line":68,"column":80}},"type":"cond-expr","locations":[{"start":{"line":68,"column":28},"end":{"line":68,"column":55}},{"start":{"line":68,"column":58},"end":{"line":68,"column":80}}],"line":68},"4":{"loc":{"start":{"line":151,"column":32},"end":{"line":151,"column":61}},"type":"binary-expr","locations":[{"start":{"line":151,"column":32},"end":{"line":151,"column":39}},{"start":{"line":151,"column":43},"end":{"line":151,"column":61}}],"line":151},"5":{"loc":{"start":{"line":156,"column":11},"end":{"line":156,"column":43}},"type":"cond-expr","locations":[{"start":{"line":156,"column":21},"end":{"line":156,"column":33}},{"start":{"line":156,"column":36},"end":{"line":156,"column":43}}],"line":156}},"s":{"0":2,"1":0,"2":2,"3":8,"4":1,"5":0,"6":0,"7":1,"8":1,"9":1,"10":1,"11":0,"12":0,"13":1,"14":1,"15":1,"16":1,"17":1,"18":1,"19":0,"20":0,"21":1,"22":8,"23":6,"24":1,"25":1,"26":8,"27":9,"28":1},"f":{"0":2,"1":8,"2":1,"3":1,"4":1,"5":6,"6":1,"7":1,"8":9},"b":{"0":[0,2],"1":[0,1],"2":[1,1],"3":[0,1],"4":[8,0],"5":[1,7]},"_coverageSchema":"1a1c01bbd47fc00a2c39e90264f33305004495a9","hash":"be52a1b70f18ce416cedf4abd614b6e24ec2228f"}
,"D:\\Documentos1\\UNA SISTEMAS\\2025\\I CICLO 2025\\Moviles\\ReactNative\\CrudReactNative\\hooks\\usePersonCrud.ts": {"path":"D:\\Documentos1\\UNA SISTEMAS\\2025\\I CICLO 2025\\Moviles\\ReactNative\\CrudReactNative\\hooks\\usePersonCrud.ts","statementMap":{"0":{"start":{"line":14,"column":26},"end":{"line":14,"column":48}},"1":{"start":{"line":15,"column":26},"end":{"line":15,"column":38}},"2":{"start":{"line":16,"column":34},"end":{"line":16,"column":46}},"3":{"start":{"line":17,"column":36},"end":{"line":17,"column":65}},"4":{"start":{"line":20,"column":2},"end":{"line":22,"column":9}},"5":{"start":{"line":21,"column":4},"end":{"line":21,"column":16}},"6":{"start":{"line":26,"column":20},"end":{"line":26,"column":38}},"7":{"start":{"line":27,"column":4},"end":{"line":27,"column":21}},"8":{"start":{"line":32,"column":4},"end":{"line":32,"column":49}},"9":{"start":{"line":32,"column":42},"end":{"line":32,"column":49}},"10":{"start":{"line":33,"column":4},"end":{"line":38,"column":5}},"11":{"start":{"line":34,"column":6},"end":{"line":34,"column":56}},"12":{"start":{"line":35,"column":6},"end":{"line":35,"column":25}},"13":{"start":{"line":37,"column":6},"end":{"line":37,"column":45}},"14":{"start":{"line":39,"column":4},"end":{"line":39,"column":16}},"15":{"start":{"line":40,"column":4},"end":{"line":40,"column":20}},"16":{"start":{"line":41,"column":4},"end":{"line":41,"column":16}},"17":{"start":{"line":45,"column":4},"end":{"line":45,"column":20}},"18":{"start":{"line":46,"column":4},"end":{"line":46,"column":28}},"19":{"start":{"line":47,"column":4},"end":{"line":47,"column":23}},"20":{"start":{"line":51,"column":4},"end":{"line":51,"column":27}},"21":{"start":{"line":52,"column":4},"end":{"line":52,"column":16}},"22":{"start":{"line":56,"column":2},"end":{"line":66,"column":4}}},"fnMap":{"0":{"name":"usePersonCrud","decl":{"start":{"line":12,"column":16},"end":{"line":12,"column":29}},"loc":{"start":{"line":12,"column":32},"end":{"line":67,"column":1}},"line":12},"1":{"name":"(anonymous_1)","decl":{"start":{"line":20,"column":12},"end":{"line":20,"column":13}},"loc":{"start":{"line":20,"column":18},"end":{"line":22,"column":3}},"line":20},"2":{"name":"fetchList","decl":{"start":{"line":25,"column":17},"end":{"line":25,"column":26}},"loc":{"start":{"line":25,"column":29},"end":{"line":28,"column":3}},"line":25},"3":{"name":"onSave","decl":{"start":{"line":31,"column":17},"end":{"line":31,"column":23}},"loc":{"start":{"line":31,"column":26},"end":{"line":42,"column":3}},"line":31},"4":{"name":"onEdit","decl":{"start":{"line":44,"column":11},"end":{"line":44,"column":17}},"loc":{"start":{"line":44,"column":29},"end":{"line":48,"column":3}},"line":44},"5":{"name":"onDelete","decl":{"start":{"line":50,"column":17},"end":{"line":50,"column":25}},"loc":{"start":{"line":50,"column":38},"end":{"line":53,"column":3}},"line":50}},"branchMap":{"0":{"loc":{"start":{"line":32,"column":4},"end":{"line":32,"column":49}},"type":"if","locations":[{"start":{"line":32,"column":4},"end":{"line":32,"column":49}},{"start":{},"end":{}}],"line":32},"1":{"loc":{"start":{"line":32,"column":8},"end":{"line":32,"column":40}},"type":"binary-expr","locations":[{"start":{"line":32,"column":8},"end":{"line":32,"column":20}},{"start":{"line":32,"column":24},"end":{"line":32,"column":40}}],"line":32},"2":{"loc":{"start":{"line":33,"column":4},"end":{"line":38,"column":5}},"type":"if","locations":[{"start":{"line":33,"column":4},"end":{"line":38,"column":5}},{"start":{"line":36,"column":11},"end":{"line":38,"column":5}}],"line":33}},"s":{"0":14,"1":14,"2":14,"3":14,"4":14,"5":4,"6":7,"7":7,"8":2,"9":0,"10":2,"11":1,"12":1,"13":1,"14":2,"15":2,"16":2,"17":1,"18":1,"19":1,"20":1,"21":1,"22":14},"f":{"0":14,"1":4,"2":7,"3":2,"4":1,"5":1},"b":{"0":[0,2],"1":[2,2],"2":[1,1]},"_coverageSchema":"1a1c01bbd47fc00a2c39e90264f33305004495a9","hash":"44c5c53f689ff96fb490e054e87267d5d1a1a297"}
}
