TN:
SF:app\components\PersonCrud.tsx
FN:29,showMessage
FN:39,PersonCrud
FN:54,handleSave
FN:73,handleDelete
FN:86,confirmDelete
FN:99,(anonymous_5)
FN:106,(anonymous_6)
FN:114,(anonymous_7)
FN:121,(anonymous_8)
FN:164,(anonymous_9)
FNF:10
FNH:10
FNDA:2,showMessage
FNDA:8,PersonCrud
FNDA:1,handleSave
FNDA:1,handleDelete
FNDA:1,confirmDelete
FNDA:1,(anonymous_5)
FNDA:6,(anonymous_6)
FNDA:1,(anonymous_7)
FNDA:1,(anonymous_8)
FNDA:9,(anonymous_9)
DA:30,2
DA:31,0
DA:32,2
DA:33,0
DA:35,2
DA:50,8
DA:55,1
DA:56,0
DA:57,0
DA:60,1
DA:61,1
DA:62,1
DA:63,1
DA:65,0
DA:66,0
DA:68,1
DA:74,1
DA:75,1
DA:76,1
DA:77,1
DA:79,0
DA:80,0
DA:82,1
DA:87,1
DA:89,0
DA:90,0
DA:94,1
DA:99,1
DA:106,8
DA:107,6
DA:114,1
DA:121,1
DA:130,8
DA:164,9
DA:173,1
LF:35
LH:25
BRDA:30,0,0,0
BRDA:30,0,1,2
BRDA:32,1,0,0
BRDA:32,1,1,2
BRDA:55,2,0,0
BRDA:55,2,1,1
BRDA:55,3,0,1
BRDA:55,3,1,1
BRDA:63,4,0,0
BRDA:63,4,1,1
BRDA:87,5,0,0
BRDA:87,5,1,1
BRDA:89,6,0,0
BRDA:89,6,1,0
BRDA:153,7,0,8
BRDA:153,7,1,0
BRDA:158,8,0,1
BRDA:158,8,1,7
BRF:18
BRH:10
end_of_record
TN:
SF:hooks\usePersonCrud.ts
FN:12,usePersonCrud
FN:20,(anonymous_1)
FN:25,fetchList
FN:31,onSave
FN:44,onEdit
FN:50,onDelete
FNF:6
FNH:6
FNDA:14,usePersonCrud
FNDA:4,(anonymous_1)
FNDA:7,fetchList
FNDA:2,onSave
FNDA:1,onEdit
FNDA:1,onDelete
DA:14,14
DA:15,14
DA:16,14
DA:17,14
DA:20,14
DA:21,4
DA:26,7
DA:27,7
DA:32,2
DA:33,2
DA:34,1
DA:35,1
DA:37,1
DA:39,2
DA:40,2
DA:41,2
DA:45,1
DA:46,1
DA:47,1
DA:51,1
DA:52,1
DA:56,14
LF:22
LH:22
BRDA:32,0,0,0
BRDA:32,0,1,2
BRDA:32,1,0,2
BRDA:32,1,1,2
BRDA:33,2,0,1
BRDA:33,2,1,1
BRF:6
BRH:5
end_of_record
