TN:
SF:app\components\PersonCrud.tsx
FN:29,showMessage
FN:37,PersonCrud
FN:52,handleSave
FN:78,confirmDelete
FN:86,(anonymous_4)
FN:104,(anonymous_5)
FN:112,(anonymous_6)
FN:119,(anonymous_7)
FN:162,(anonymous_8)
FNF:9
FNH:9
FNDA:2,showMessage
FNDA:8,PersonCrud
FNDA:1,handleSave
FNDA:1,confirmDelete
FNDA:1,(anonymous_4)
FNDA:6,(anonymous_5)
FNDA:1,(anonymous_6)
FNDA:1,(anonymous_7)
FNDA:9,(anonymous_8)
DA:30,2
DA:31,0
DA:33,2
DA:48,8
DA:54,1
DA:56,0
DA:60,0
DA:64,1
DA:65,1
DA:66,1
DA:68,1
DA:70,0
DA:71,0
DA:73,1
DA:79,1
DA:87,1
DA:88,1
DA:89,1
DA:90,1
DA:92,0
DA:93,0
DA:95,1
DA:104,8
DA:105,6
DA:112,1
DA:119,1
DA:128,8
DA:162,9
DA:171,1
LF:29
LH:22
BRDA:30,0,0,0
BRDA:30,0,1,2
BRDA:54,1,0,0
BRDA:54,1,1,1
BRDA:54,2,0,1
BRDA:54,2,1,1
BRDA:68,3,0,0
BRDA:68,3,1,1
BRDA:151,4,0,8
BRDA:151,4,1,0
BRDA:156,5,0,1
BRDA:156,5,1,7
BRF:12
BRH:8
end_of_record
TN:
SF:hooks\usePersonCrud.ts
FN:12,usePersonCrud
FN:20,(anonymous_1)
FN:25,fetchList
FN:31,onSave
FN:44,onEdit
FN:50,onDelete
FNF:6
FNH:6
FNDA:14,usePersonCrud
FNDA:4,(anonymous_1)
FNDA:7,fetchList
FNDA:2,onSave
FNDA:1,onEdit
FNDA:1,onDelete
DA:14,14
DA:15,14
DA:16,14
DA:17,14
DA:20,14
DA:21,4
DA:26,7
DA:27,7
DA:32,2
DA:33,2
DA:34,1
DA:35,1
DA:37,1
DA:39,2
DA:40,2
DA:41,2
DA:45,1
DA:46,1
DA:47,1
DA:51,1
DA:52,1
DA:56,14
LF:22
LH:22
BRDA:32,0,0,0
BRDA:32,0,1,2
BRDA:32,1,0,2
BRDA:32,1,1,2
BRDA:33,2,0,1
BRDA:33,2,1,1
BRF:6
BRH:5
end_of_record
